R1 =  1.023628929330000
R2 =  2.086403821290000
R3 =  3.099961087060000
R4 =  4.081833343340000
R5 =  3.041695757900000
R6 =  2.041566793660000
R7 =  1.041567900570000
Vs =  5.178859968840000
C =  1.049083368090000
Kb =  7.295719229630000
Kd =  8.168406492210000
Vs_6 =  5.178859968840000
V1 =  5.178859968840000
V2 =  4.933049389290953
V3 =  4.408850064932305
V5 =  4.967486759170935
V6 =  5.731698770731526
V7 = -1.994280034254522
V8 = -3.011723144554779
Vb =    3.443736987998089e-02
Vd = -7.979209903725714
Vs =  5.178859968840000
V6e =  5.731698770731526
I1 =   -2.401364132117084e-01
I2 =    2.512453816512575e-01
I3 =    1.110896843954987e-02
I4 =  1.216974418437731
I5 =    2.512453816512558e-01
I6 =   -9.768380052260232e-01
I7 =   -9.768380052260232e-01
Is =   -2.401364132117084e-01
Ib =    2.512453816512575e-01
Id =   -9.768380052260232e-01
tabend1 = "t2-1_END"
tab1 = "t2-1_TAB"
Vs = 0
Vx =  8.743421915286305
V1 = 0
V2 =   -6.049489553998904e-16
V3 =   -1.440730035898280e-15
V5 =   -1.195181850424889e-15
V6 =  8.743421915286309
V7 =    1.804315863187977e-15
V8 =    2.724842926726623e-15
Vb =    5.490678997541190e-17
Vd =    3.920024777151512e-15
Req =  3.041695757899999
Vs = 0
I1 =   -5.909846215423494e-16
I2 =    7.525891313418386e-18
I3 =   -1.904000980814812e-16
I4 =   -2.928051563827249e-16
I5 =  2.874522178155914
I6 =    4.799007959373643e-16
I7 =    4.799007959373643e-16
Is =   -5.909846215423494e-16
Ib =    4.005845234608683e-16
Id =    4.799007959373643e-16
Ix =  2.874522178155913
tabend2 = "t2-2_END"
tab2 = "t2-2_TAB"
A =  8.743421915286305
transient = "Transient Analysis"
f =  1000
Vs =  1
w =  6283.185307179586
Zc =  0.000000000000000e+00 + 1.669668037470179e-04i
V2 =  9.531326798060836e-01 - 3.573943896497323e-21i
V3 =  8.616506572202804e-01 - 1.055005464716493e-20i
V5 =  9.471227517066714e-01 - 4.032240760077567e-21i
V6 = -5.742283020715140e-01 + 9.083197385253827e-05i
V7 = -3.802381536759365e-01 + 1.618810000103971e-21i
V8 = -5.742283070575236e-01 + 2.444695559403882e-21i
Vb =  6.009928099412468e-03 + 4.582968635802445e-22i
Vd = -1.521351058764195e+00 + 6.476936319481449e-21i
Vs =  1
AV1 =  1
AV2 =    9.531326798060836e-01
AV3 =    8.616506572202804e-01
AV5 =    9.471227517066714e-01
AV6 =    5.742283092554575e-01
AV7 =    3.802381536759365e-01
AV8 =    5.742283070575236e-01
PhV1 = 0
PhV2 =   -3.749681416048443e-21
PhV3 =   -1.224400464243808e-20
PhV5 =   -4.257358143716489e-21
PhV6 =  3.141434472648925
PhV7 =  3.141592653589793
PhV8 =  3.141592653589793
frequency = "Frequency Analysis"
Z =  0.000000000000000e+00 - 1.517085752504672e+05i
Z =  0.000000000000000e+00 - 1.320409445013189e+05i
Z =  0.000000000000000e+00 - 1.149230423924021e+05i
Z =  0.000000000000000e+00 - 1.000243199002102e+05i
Z =  0.000000000000000e+00 - 8.705708066218987e+04i
Z =  0.000000000000000e+00 - 7.577092552075528e+04i
Z =  0.000000000000000e+00 - 6.594791728141817e+04i
Z =  0.000000000000000e+00 - 5.739837231584893e+04i
Z =  0.000000000000000e+00 - 4.995719774515311e+04i
Z =  0.000000000000000e+00 - 4.348070347387208e+04i
Z =  0.000000000000000e+00 - 3.784382751464911e+04i
Z =  0.000000000000000e+00 - 3.293772102420346e+04i
Z =  0.000000000000000e+00 - 2.866764641732656e+04i
Z =  0.000000000000000e+00 - 2.495114797119541e+04i
Z =  0.000000000000000e+00 - 2.171645959412345e+04i
Z =  0.000000000000000e+00 - 1.890111901254545e+04i
Z =  0.000000000000000e+00 - 1.645076161599936e+04i
Z =  0.000000000000000e+00 - 1.431807066908638e+04i
Z =  0.000000000000000e+00 - 1.246186361885941e+04i
Z =  0.000000000000000e+00 - 1.084629685411110e+04i
Z =  0.000000000000000e+00 - 9.440173560354508e+03i
Z =  0.000000000000000e+00 - 8.216341305082218e+03i
Z =  0.000000000000000e+00 - 7.151167720592732e+03i
Z =  0.000000000000000e+00 - 6.224084159748236e+03i
Z =  0.000000000000000e+00 - 5.417188512594139e+03i
Z =  0.000000000000000e+00 - 4.714899514175102e+03i
Z =  0.000000000000000e+00 - 4.103655868184503e+03i
Z =  0.000000000000000e+00 - 3.571654376483855e+03i
Z =  0.000000000000000e+00 - 3.108622017737550e+03i
Z =  0.000000000000000e+00 - 2.705617573970312e+03i
Z =  0.000000000000000e+00 - 2.354858974429047e+03i
Z =  0.000000000000000e+00 - 2.049573022735647e+03i
Z =  0.000000000000000e+00 - 1.783864605541501e+03i
Z =  0.000000000000000e+00 - 1.552602857085012e+03i
Z =  0.000000000000000e+00 - 1.351322081474230e+03i
Z =  0.000000000000000e+00 - 1.176135519490326e+03i
Z =  0.000000000000000e+00 - 1.023660294737186e+03i
Z =  0.000000000000000e+00 - 8.909520898369932e+02i
Z =  0.000000000000000e+00 - 7.754482912602408e+02i
Z =  0.000000000000000e+00 - 6.749185049091059e+02i
Z =  0.000000000000000e+00 - 5.874214869033376e+02i
Z =  0.000000000000000e+00 - 5.112676578962656e+02i
Z =  0.000000000000000e+00 - 4.449864770672690e+02i
Z =  0.000000000000000e+00 - 3.872980457780399e+02i
Z =  0.000000000000000e+00 - 3.370883925553831e+02i
Z =  0.000000000000000e+00 - 2.933879621501953e+02i
Z =  0.000000000000000e+00 - 2.553528932934174e+02i
Z =  0.000000000000000e+00 - 2.222487236198831e+02i
Z =  0.000000000000000e+00 - 1.934362070999117e+02i
Z =  0.000000000000000e+00 - 1.683589701113247e+02i
Z =  0.000000000000000e+00 - 1.465327677889464e+02i
Z =  0.000000000000000e+00 - 1.275361331902385e+02i
Z =  0.000000000000000e+00 - 1.110022387111781e+02i
Z =  0.000000000000000e+00 - 9.661181259521233e+01i
Z =  0.000000000000000e+00 - 8.408697375211136e+01i
Z =  0.000000000000000e+00 - 7.318586583623065e+01i
Z =  0.000000000000000e+00 - 6.369798696750287e+01i
Z =  0.000000000000000e+00 - 5.544012491143526e+01i
Z =  0.000000000000000e+00 - 4.825281922588260e+01i
Z =  0.000000000000000e+00 - 4.199728205816971e+01i
Z =  0.000000000000000e+00 - 3.655271813273418e+01i
Z =  0.000000000000000e+00 - 3.181399217788671e+01i
Z =  0.000000000000000e+00 - 2.768959874938114e+01i
Z =  0.000000000000000e+00 - 2.409989524781039e+01i
Z =  0.000000000000000e+00 - 2.097556400915399e+01i
Z =  0.000000000000000e+00 - 1.825627377123518e+01i
Z =  0.000000000000000e+00 - 1.588951466882306e+01i
Z =  0.000000000000000e+00 - 1.382958426097600e+01i
Z =  0.000000000000000e+00 - 1.203670501067620e+01i
Z =  0.000000000000000e+00 - 1.047625617516666e+01i
Z =  0.000000000000000e+00 - 9.118105274688613e+00i
Z =  0.000000000000000e+00 - 7.936026230189213e+00i
Z =  0.000000000000000e+00 - 6.907192934159438e+00i
Z =  0.000000000000000e+00 - 6.011738475386146e+00i
Z =  0.000000000000000e+00 - 5.232371506187887e+00i
Z =  0.000000000000000e+00 - 4.554042344133801e+00i
Z =  0.000000000000000e+00 - 3.963652360624061e+00i
Z =  0.000000000000000e+00 - 3.449801044585779e+00i
Z =  0.000000000000000e+00 - 3.002565857049929e+00i
Z =  0.000000000000000e+00 - 2.613310625571006e+00i
Z =  0.000000000000000e+00 - 2.274518778559720e+00i
Z =  0.000000000000000e+00 - 1.979648199260818e+00i
Z =  0.000000000000000e+00 - 1.723004896586608e+00i
Z =  0.000000000000000e+00 - 1.499633053372784e+00i
Z =  0.000000000000000e+00 - 1.305219328873299e+00i
Z =  0.000000000000000e+00 - 1.136009567562511e+00i
Z =  0.000000000000000e+00 - 9.887363058801570e-01i
Z =  0.000000000000000e+00 - 8.605556770645271e-01i
Z =  0.000000000000000e+00 - 7.489924956975834e-01i
Z =  0.000000000000000e+00 - 6.518924615370703e-01i
Z =  0.000000000000000e+00 - 5.673805596851346e-01i
Z =  0.000000000000000e+00 - 4.938248537950155e-01i
Z =  0.000000000000000e+00 - 4.298049731576963e-01i
Z =  0.000000000000000e+00 - 3.740846851498690e-01i
Z =  0.000000000000000e+00 - 3.255880234134297e-01i
Z =  0.000000000000000e+00 - 2.833785107984157e-01i
Z =  0.000000000000000e+00 - 2.466410758615617e-01i
Z =  0.000000000000000e+00 - 2.146663137256096e-01i
Z =  0.000000000000000e+00 - 1.868367873744080e-01i
Z =  0.000000000000000e+00 - 1.626151048599538e-01i
Z =  0.000000000000000e+00 - 1.415335421906098e-01i
Z =  0.000000000000000e+00 - 1.231850115170586e-01i
Z =  0.000000000000000e+00 - 1.072152002104322e-01i
Z =  0.000000000000000e+00 - 9.331572903714198e-02i
Z =  0.000000000000000e+00 - 8.121819731383594e-02i
Z =  0.000000000000000e+00 - 7.068900005361002e-02i
Z =  0.000000000000000e+00 - 6.152481702186233e-02i
Z =  0.000000000000000e+00 - 5.354868659484364e-02i
Z =  0.000000000000000e+00 - 4.660658860657576e-02i
Z =  0.000000000000000e+00 - 4.056447019844858e-02i
Z =  0.000000000000000e+00 - 3.530565724024395e-02i
Z =  0.000000000000000e+00 - 3.072860133677428e-02i
Z =  0.000000000000000e+00 - 2.674491891452702e-02i
Z =  0.000000000000000e+00 - 2.327768452280985e-02i
Z =  0.000000000000000e+00 - 2.025994539281048e-02i
Z =  0.000000000000000e+00 - 1.763342857050264e-02i
Z =  0.000000000000000e+00 - 1.534741565795922e-02i
Z =  0.000000000000000e+00 - 1.335776343417361e-02i
Z =  0.000000000000000e+00 - 1.162605144344358e-02i
Z =  0.000000000000000e+00 - 1.011884009113377e-02i
Z =  0.000000000000000e+00 - 8.807024920544165e-03i
Z =  0.000000000000000e+00 - 7.665274601883263e-03i
Z =  0.000000000000000e+00 - 6.671541780836281e-03i
Z =  0.000000000000000e+00 - 5.806637341147401e-03i
Z =  0.000000000000000e+00 - 5.053859860168770e-03i
Z =  0.000000000000000e+00 - 4.398673102112153e-03i
Z =  0.000000000000000e+00 - 3.828425321354042e-03i
Z =  0.000000000000000e+00 - 3.332104955502811e-03i
Z =  0.000000000000000e+00 - 2.900127990627618e-03i
Z =  0.000000000000000e+00 - 2.524152892642787e-03i
Z =  0.000000000000000e+00 - 2.196919531147356e-03i
Z =  0.000000000000000e+00 - 1.912108985317212e-03i
Z =  0.000000000000000e+00 - 1.664221524682506e-03i
Z =  0.000000000000000e+00 - 1.448470408582433e-03i
Z =  0.000000000000000e+00 - 1.260689453550492e-03i
Z =  0.000000000000000e+00 - 1.097252583743754e-03i
Z =  0.000000000000000e+00 - 9.550038109239398e-04i
Z =  0.000000000000000e+00 - 8.311962918943030e-04i
Z =  0.000000000000000e+00 - 7.234392865829743e-04i
Z =  0.000000000000000e+00 - 6.296519925262555e-04i
Z =  0.000000000000000e+00 - 5.480233642893450e-04i
Z =  0.000000000000000e+00 - 4.769771419320772e-04i
Z =  0.000000000000000e+00 - 4.151414132145919e-04i
Z =  0.000000000000000e+00 - 3.613221217849259e-04i
Z =  0.000000000000000e+00 - 3.144800097880766e-04i
Z =  0.000000000000000e+00 - 2.737105496551279e-04i
Z =  0.000000000000000e+00 - 2.382264775525723e-04i
Z =  0.000000000000000e+00 - 2.073425912103612e-04i
Z =  0.000000000000000e+00 - 1.804625185726446e-04i
Z =  0.000000000000000e+00 - 1.570672017720723e-04i
Z =  0.000000000000000e+00 - 1.367048740516059e-04i
Z =  0.000000000000000e+00 - 1.189823360868472e-04i
Z =  0.000000000000000e+00 - 1.035573632534810e-04i
Z =  0.000000000000000e+00 - 9.013209722311768e-05i
Z =  0.000000000000000e+00 - 7.844729427836665e-05i
Z =  0.000000000000000e+00 - 6.827731928130780e-05i
Z =  0.000000000000000e+00 - 5.942578862821540e-05i
Z =  0.000000000000000e+00 - 5.172177805539800e-05i
Z =  0.000000000000000e+00 - 4.501652206836141e-05i
Z =  0.000000000000000e+00 - 3.918054125982959e-05i
Z =  0.000000000000000e+00 - 3.410114204473667e-05i
Z =  0.000000000000000e+00 - 2.968024053173480e-05i
Z =  0.000000000000000e+00 - 2.583246850988094e-05i
Z =  0.000000000000000e+00 - 2.248352497684369e-05i
Z =  0.000000000000000e+00 - 1.956874137641923e-05i
Z =  0.000000000000000e+00 - 1.703183283989401e-05i
Z =  0.000000000000000e+00 - 1.482381131755605e-05i
Z =  0.000000000000000e+00 - 1.290203961277672e-05i
Z =  0.000000000000000e+00 - 1.122940805193026e-05i
Z =  0.000000000000000e+00 - 9.773617891537199e-06i
Z =  0.000000000000000e+00 - 8.506557625124020e-06i
Z =  0.000000000000000e+00 - 7.403760146200502e-06i
Z =  0.000000000000000e+00 - 6.443930285097899e-06i
Z =  0.000000000000000e+00 - 5.608533596339059e-06i
Z =  0.000000000000000e+00 - 4.881438455969587e-06i
Z =  0.000000000000000e+00 - 4.248604557699846e-06i
Z =  0.000000000000000e+00 - 3.697811792676281e-06i
Z =  0.000000000000000e+00 - 3.218424277513532e-06i
Z =  0.000000000000000e+00 - 2.801184973936086e-06i
Z =  0.000000000000000e+00 - 2.438036934107211e-06i
Z =  0.000000000000000e+00 - 2.121967719867735e-06i
Z =  0.000000000000000e+00 - 1.846873991599115e-06i
Z =  0.000000000000000e+00 - 1.607443651903372e-06i
Z =  0.000000000000000e+00 - 1.399053268278033e-06i
Z =  0.000000000000000e+00 - 1.217678794004225e-06i
Z =  0.000000000000000e+00 - 1.059817863255887e-06i
Z =  0.000000000000000e+00 - 9.224221599381585e-07i
Z =  0.000000000000000e+00 - 8.028385542880259e-07i
Z =  0.000000000000000e+00 - 6.987578705768489e-07i
Z =  0.000000000000000e+00 - 6.081702966122419e-07i
Z =  0.000000000000000e+00 - 5.293265739906190e-07i
Z =  0.000000000000000e+00 - 4.607042196789280e-07i
Z =  0.000000000000000e+00 - 4.009781266597275e-07i
Z =  0.000000000000000e+00 - 3.489949759340115e-07i
Z =  0.000000000000000e+00 - 3.037509657740980e-07i
Z =  0.000000000000000e+00 - 2.643724281754221e-07i
Z =  0.000000000000000e+00 - 2.300989582082457e-07i
Z =  0.000000000000000e+00 - 2.002687304948019e-07i
Z =  0.000000000000000e+00 - 1.743057192710162e-07i
Z =  0.000000000000000e+00 - 1.517085752504672e-07i
